#
# A fatal error has been detected by the Java Runtime Environment:
#
#  SIGSEGV (0xb) at pc=0x0000000000000000, pid=11636, tid=139965378148096
#
# JRE version:  (7.0_45-b18) (build )
# Java VM: Java HotSpot(TM) 64-Bit Server VM (24.45-b08 mixed mode linux-amd64 compressed oops)
# Problematic frame:
# C  0x0000000000000000
#
# Failed to write core dump. Core dumps have been disabled. To enable core dumping, try "ulimit -c unlimited" before starting Java again
#
# If you would like to submit a bug report, please visit:
#   http://bugreport.sun.com/bugreport/crash.jsp
#

---------------  T H R E A D  ---------------

Current thread (0x00007f4bb400d000):  JavaThread "main" [_thread_in_Java, id=11637, stack(0x00007f4bbaa53000,0x00007f4c3aa54000)]

siginfo:si_signo=SIGSEGV: si_errno=0, si_code=1 (SEGV_MAPERR), si_addr=0x0000000000000000

Registers:
RAX=0x0000000000000000, RBX=0x00000005fae145b8, RCX=0x0000000755500da0, RDX=0x0000000000500001
RSP=0x00007f4c3aa51900, RBP=0x00007f4c3aa51950, RSI=0x0000000000000001, RDI=0x00007f4bb400d000
R8 =0x0000000000000006, R9 =0x0000000000005300, R10=0x00007f4c3bb8dc20, R11=0x00007f4c3b068cf0
R12=0x0000000000000000, R13=0x00007f4c3aa51908, R14=0x00007f4c3aa51958, R15=0x00007f4bb400d000
RIP=0x0000000000000000, EFLAGS=0x0000000000010246, CSGSFS=0x0000000000000033, ERR=0x0000000000000014
  TRAPNO=0x000000000000000e

Top of Stack: (sp=0x00007f4c3aa51900)
0x00007f4c3aa51900:   00007f4bb1006350 0000000755500da0
0x00007f4c3aa51910:   00007f4c3aa51910 00000005fae22d0b
0x00007f4c3aa51920:   00007f4c3aa51958 00000005faea4010
0x00007f4c3aa51930:   0000000000000000 00000005fae22d48
0x00007f4c3aa51940:   00007f4c3aa51908 00007f4c3aa51960
0x00007f4c3aa51950:   00007f4c3aa519c0 00007f4bb100050b
0x00007f4c3aa51960:   0000000000001fa0 00007f4c3aa51b60
0x00007f4c3aa51970:   00007f4c3aa51a40 00007f4c3aa51ae0
0x00007f4c3aa51980:   00007f4bb400d000 00007f4bb400df28
0x00007f4c3aa51990:   00007f4c3aa51a00 00007f4c3aa51b68
0x00007f4c3aa519a0:   00007f4b0000000a 00000005fae22d48
0x00007f4c3aa519b0:   00007f4bb1010e40 00007f4c3aa51ae8
0x00007f4c3aa519c0:   00007f4c3aa51ab0 00007f4c3b348485
0x00007f4c3aa519d0:   00007f4b00000000 00007f4bb400d000
0x00007f4c3aa519e0:   00007f4bb400de78 00007f4c3aa51a00
0x00007f4c3aa519f0:   00007f4bb1010e40 000000000000000a
0x00007f4c3aa51a00:   00007f4bb400d000 00007f4bb4076ee0
0x00007f4c3aa51a10:   00000005fae22d48 0000000000000000
0x00007f4c3aa51a20:   00007f4c3aa523f0 00007f4bb1013aaa
0x00007f4c3aa51a30:   00007f4c3aa52440 00007f4c3aa51b60
0x00007f4c3aa51a40:   00007f4bb400d000 00007f4bb400a7b0
0x00007f4c3aa51a50:   00007f4bb400dd70 00007f4bb400df30
0x00007f4c3aa51a60:   00007f4bb400e158 00000000000003d8
0x00007f4c3aa51a70:   00007f4c3aa51c80 00007f4bb8131ed0
0x00007f4c3aa51a80:   00007f4bb81304a0 00000005fae22d48
0x00007f4c3aa51a90:   00007f4bb400d000 00007f4c3aa51c10
0x00007f4c3aa51aa0:   00000005fae02b68 00007f4c3aa51b90
0x00007f4c3aa51ab0:   00007f4c3aa51ad0 00007f4c3b346ee8
0x00007f4c3aa51ac0:   00000005fae22d48 00007f4bb400df28
0x00007f4c3aa51ad0:   00007f4c3aa51b80 00007f4c3b308eca
0x00007f4c3aa51ae0:   00007f4c3aa51b20 00007f4c3c7ceca1
0x00007f4c3aa51af0:   0000000000000000 0000000100000077 

Instructions: (pc=0x0000000000000000)
0xffffffffffffffe0:   

Register to memory mapping:

RAX=0x0000000000000000 is an unknown value
RBX=0x00000005fae145b8 is an oop
{method} 
 - klass: {other class}
RCX=0x0000000755500da0 is an oop
java.lang.Class 
 - klass: 'java/lang/Class'
RDX=0x0000000000500001 is an unknown value
RSP=0x00007f4c3aa51900 is pointing into the stack for thread: 0x00007f4bb400d000
RBP=0x00007f4c3aa51950 is pointing into the stack for thread: 0x00007f4bb400d000
RSI=0x0000000000000001 is an unknown value
RDI=0x00007f4bb400d000 is a thread
R8 =0x0000000000000006 is an unknown value
R9 =0x0000000000005300 is an unknown value
R10=0x00007f4c3bb8dc20: <offset 0xe3dc20> in /home/bor/jdk1.7.0_45/jre/lib/amd64/server/libjvm.so at 0x00007f4c3ad50000
R11=0x00007f4c3b068cf0: <offset 0x318cf0> in /home/bor/jdk1.7.0_45/jre/lib/amd64/server/libjvm.so at 0x00007f4c3ad50000
R12=0x0000000000000000 is an unknown value
R13=0x00007f4c3aa51908 is pointing into the stack for thread: 0x00007f4bb400d000
R14=0x00007f4c3aa51958 is pointing into the stack for thread: 0x00007f4bb400d000
R15=0x00007f4bb400d000 is a thread


Stack: [0x00007f4bbaa53000,0x00007f4c3aa54000],  sp=0x00007f4c3aa51900,  free space=2097146k

---------------  P R O C E S S  ---------------

Java Threads: ( => current thread )
=>0x00007f4bb400d000 JavaThread "main" [_thread_in_Java, id=11637, stack(0x00007f4bbaa53000,0x00007f4c3aa54000)]

Other Threads:
  0x00007f4bb4075800 VMThread [stack: 0x00007f4ba169d000,0x00007f4ba179e000] [id=11646]

VM state:not at safepoint (normal execution)

VM Mutex/Monitor currently owned by a thread: None

Heap
 PSYoungGen      total 74240K, used 1280K [0x0000000755500000, 0x000000075a780000, 0x0000000800000000)
  eden space 64000K, 2% used [0x0000000755500000,0x0000000755640070,0x0000000759380000)
  from space 10240K, 0% used [0x0000000759d80000,0x0000000759d80000,0x000000075a780000)
  to   space 10240K, 0% used [0x0000000759380000,0x0000000759380000,0x0000000759d80000)
 ParOldGen       total 168448K, used 0K [0x0000000600000000, 0x000000060a480000, 0x0000000755500000)
  object space 168448K, 0% used [0x0000000600000000,0x0000000600000000,0x000000060a480000)
 PSPermGen       total 21504K, used 790K [0x00000005fae00000, 0x00000005fc300000, 0x0000000600000000)
  object space 21504K, 3% used [0x00000005fae00000,0x00000005faec5968,0x00000005fc300000)

Card table byte_map: [0x00007f4bb8991000,0x00007f4bb99bb000] byte_map_base: 0x00007f4bb59ba000

Polling page: 0x00007f4c3c7cb000

Code Cache  [0x00007f4bb1000000, 0x00007f4bb1270000, 0x00007f4bb4000000)
 total_blobs=61 nmethods=0 adapters=38 free_code_cache=48824Kb largest_free_block=49996032

Compilation events (0 events):
No events

GC Heap History (0 events):
No events

Deoptimization events (0 events):
No events

Internal exceptions (0 events):
No events

Events (10 events):
Event: 0.025 loading class 0x00007f4bb812e900 done
Event: 0.025 loading class 0x00007f4bb812e8e0 done
Event: 0.025 loading class 0x00007f4bb813adf0
Event: 0.025 loading class 0x00007f4bb813adf0 done
Event: 0.025 loading class 0x00007f4bb8137a70
Event: 0.025 loading class 0x00007f4bb8137a70 done
Event: 0.025 loading class 0x00007f4bb813f760
Event: 0.026 loading class 0x00007f4bb813f760 done
Event: 0.026 loading class 0x00007f4bb813f790
Event: 0.026 loading class 0x00007f4bb813f790 done


Dynamic libraries:
00400000-00401000 r-xp 00000000 00:13 5245135                            /home/bor/jdk1.7.0_45/jre/bin/java
00600000-00601000 rw-p 00000000 00:13 5245135                            /home/bor/jdk1.7.0_45/jre/bin/java
0223c000-0225d000 rw-p 00000000 00:00 0                                  [heap]
5fae00000-5fc300000 rw-p 00000000 00:00 0 
5fc300000-600000000 rw-p 00000000 00:00 0 
600000000-60a480000 rw-p 00000000 00:00 0 
60a480000-755500000 rw-p 00000000 00:00 0 
755500000-75a780000 rw-p 00000000 00:00 0 
75a780000-800000000 rw-p 00000000 00:00 0 
7f4b6c000000-7f4b6c021000 rw-p 00000000 00:00 0 
7f4b6c021000-7f4b70000000 ---p 00000000 00:00 0 
7f4b73d70000-7f4b84000000 rw-p 00000000 00:00 0 
7f4b84000000-7f4b84021000 rw-p 00000000 00:00 0 
7f4b84021000-7f4b88000000 ---p 00000000 00:00 0 
7f4b88000000-7f4b88021000 rw-p 00000000 00:00 0 
7f4b88021000-7f4b8c000000 ---p 00000000 00:00 0 
7f4b8c000000-7f4b8c021000 rw-p 00000000 00:00 0 
7f4b8c021000-7f4b90000000 ---p 00000000 00:00 0 
7f4b94000000-7f4b94021000 rw-p 00000000 00:00 0 
7f4b94021000-7f4b98000000 ---p 00000000 00:00 0 
7f4b9c000000-7f4b9c021000 rw-p 00000000 00:00 0 
7f4b9c021000-7f4ba0000000 ---p 00000000 00:00 0 
7f4ba169d000-7f4ba169e000 ---p 00000000 00:00 0 
7f4ba169e000-7f4ba4000000 rw-p 00000000 00:00 0                          [stack:11646]
7f4ba4000000-7f4ba4021000 rw-p 00000000 00:00 0 
7f4ba4021000-7f4ba8000000 ---p 00000000 00:00 0 
7f4ba8000000-7f4ba8021000 rw-p 00000000 00:00 0 
7f4ba8021000-7f4bac000000 ---p 00000000 00:00 0 
7f4bac000000-7f4bac021000 rw-p 00000000 00:00 0 
7f4bac021000-7f4bb0000000 ---p 00000000 00:00 0 
7f4bb0012000-7f4bb0399000 rw-p 00000000 00:00 0 
7f4bb0399000-7f4bb0555000 r--s 039b2000 00:13 5245115                    /home/bor/jdk1.7.0_45/jre/lib/rt.jar
7f4bb0555000-7f4bb05a8000 rw-p 00000000 00:00 0 
7f4bb05a8000-7f4bb1000000 rw-p 00000000 00:00 0 
7f4bb1000000-7f4bb1270000 rwxp 00000000 00:00 0 
7f4bb1270000-7f4bb407a000 rw-p 00000000 00:00 0 
7f4bb407a000-7f4bb8000000 ---p 00000000 00:00 0 
7f4bb800a000-7f4bb8189000 rw-p 00000000 00:00 0 
7f4bb8189000-7f4bb818a000 ---p 00000000 00:00 0 
7f4bb818a000-7f4bb828a000 rw-p 00000000 00:00 0                          [stack:11645]
7f4bb828a000-7f4bb828b000 ---p 00000000 00:00 0 
7f4bb828b000-7f4bb838b000 rw-p 00000000 00:00 0                          [stack:11644]
7f4bb838b000-7f4bb838c000 ---p 00000000 00:00 0 
7f4bb838c000-7f4bb848c000 rw-p 00000000 00:00 0                          [stack:11643]
7f4bb848c000-7f4bb848d000 ---p 00000000 00:00 0 
7f4bb848d000-7f4bb858d000 rw-p 00000000 00:00 0                          [stack:11642]
7f4bb858d000-7f4bb858e000 ---p 00000000 00:00 0 
7f4bb858e000-7f4bb868e000 rw-p 00000000 00:00 0                          [stack:11641]
7f4bb868e000-7f4bb868f000 ---p 00000000 00:00 0 
7f4bb868f000-7f4bb878f000 rw-p 00000000 00:00 0                          [stack:11640]
7f4bb878f000-7f4bb8790000 ---p 00000000 00:00 0 
7f4bb8790000-7f4bb8890000 rw-p 00000000 00:00 0                          [stack:11639]
7f4bb8890000-7f4bb8891000 ---p 00000000 00:00 0 
7f4bb8891000-7f4bb899c000 rw-p 00000000 00:00 0                          [stack:11638]
7f4bb899c000-7f4bb89ba000 rw-p 00000000 00:00 0 
7f4bb89ba000-7f4bb8a0d000 rw-p 00000000 00:00 0 
7f4bb8a0d000-7f4bb9464000 rw-p 00000000 00:00 0 
7f4bb9464000-7f4bb948e000 rw-p 00000000 00:00 0 
7f4bb948e000-7f4bb99ba000 rw-p 00000000 00:00 0 
7f4bb99ba000-7f4bb99bb000 rw-p 00000000 00:00 0 
7f4bb99bb000-7f4bb99d5000 r-xp 00000000 00:13 5244916                    /home/bor/jdk1.7.0_45/jre/lib/amd64/libzip.so
7f4bb99d5000-7f4bb9bd5000 ---p 0001a000 00:13 5244916                    /home/bor/jdk1.7.0_45/jre/lib/amd64/libzip.so
7f4bb9bd5000-7f4bb9bd6000 rw-p 0001a000 00:13 5244916                    /home/bor/jdk1.7.0_45/jre/lib/amd64/libzip.so
7f4bb9bd6000-7f4bb9be2000 r-xp 00000000 08:01 265858                     /lib/x86_64-linux-gnu/libnss_files-2.15.so
7f4bb9be2000-7f4bb9de1000 ---p 0000c000 08:01 265858                     /lib/x86_64-linux-gnu/libnss_files-2.15.so
7f4bb9de1000-7f4bb9de2000 r--p 0000b000 08:01 265858                     /lib/x86_64-linux-gnu/libnss_files-2.15.so
7f4bb9de2000-7f4bb9de3000 rw-p 0000c000 08:01 265858                     /lib/x86_64-linux-gnu/libnss_files-2.15.so
7f4bb9de3000-7f4bb9ded000 r-xp 00000000 08:01 266142                     /lib/x86_64-linux-gnu/libnss_nis-2.15.so
7f4bb9ded000-7f4bb9fed000 ---p 0000a000 08:01 266142                     /lib/x86_64-linux-gnu/libnss_nis-2.15.so
7f4bb9fed000-7f4bb9fee000 r--p 0000a000 08:01 266142                     /lib/x86_64-linux-gnu/libnss_nis-2.15.so
7f4bb9fee000-7f4bb9fef000 rw-p 0000b000 08:01 266142                     /lib/x86_64-linux-gnu/libnss_nis-2.15.so
7f4bb9fef000-7f4bba006000 r-xp 00000000 08:01 266154                     /lib/x86_64-linux-gnu/libnsl-2.15.so
7f4bba006000-7f4bba205000 ---p 00017000 08:01 266154                     /lib/x86_64-linux-gnu/libnsl-2.15.so
7f4bba205000-7f4bba206000 r--p 00016000 08:01 266154                     /lib/x86_64-linux-gnu/libnsl-2.15.so
7f4bba206000-7f4bba207000 rw-p 00017000 08:01 266154                     /lib/x86_64-linux-gnu/libnsl-2.15.so
7f4bba207000-7f4bba209000 rw-p 00000000 00:00 0 
7f4bba209000-7f4bba211000 r-xp 00000000 08:01 265856                     /lib/x86_64-linux-gnu/libnss_compat-2.15.so
7f4bba211000-7f4bba410000 ---p 00008000 08:01 265856                     /lib/x86_64-linux-gnu/libnss_compat-2.15.so
7f4bba410000-7f4bba411000 r--p 00007000 08:01 265856                     /lib/x86_64-linux-gnu/libnss_compat-2.15.so
7f4bba411000-7f4bba412000 rw-p 00008000 08:01 265856                     /lib/x86_64-linux-gnu/libnss_compat-2.15.so
7f4bba412000-7f4bba43b000 r-xp 00000000 00:13 5244849                    /home/bor/jdk1.7.0_45/jre/lib/amd64/libjava.so
7f4bba43b000-7f4bba63b000 ---p 00029000 00:13 5244849                    /home/bor/jdk1.7.0_45/jre/lib/amd64/libjava.so
7f4bba63b000-7f4bba63d000 rw-p 00029000 00:13 5244849                    /home/bor/jdk1.7.0_45/jre/lib/amd64/libjava.so
7f4bba63d000-7f4bba64a000 r-xp 00000000 00:13 5244709                    /home/bor/jdk1.7.0_45/jre/lib/amd64/libverify.so
7f4bba64a000-7f4bba849000 ---p 0000d000 00:13 5244709                    /home/bor/jdk1.7.0_45/jre/lib/amd64/libverify.so
7f4bba849000-7f4bba84b000 rw-p 0000c000 00:13 5244709                    /home/bor/jdk1.7.0_45/jre/lib/amd64/libverify.so
7f4bba84b000-7f4bba852000 r-xp 00000000 08:01 265861                     /lib/x86_64-linux-gnu/librt-2.15.so
7f4bba852000-7f4bbaa51000 ---p 00007000 08:01 265861                     /lib/x86_64-linux-gnu/librt-2.15.so
7f4bbaa51000-7f4bbaa52000 r--p 00006000 08:01 265861                     /lib/x86_64-linux-gnu/librt-2.15.so
7f4bbaa52000-7f4bbaa53000 rw-p 00007000 08:01 265861                     /lib/x86_64-linux-gnu/librt-2.15.so
7f4bbaa53000-7f4bbaa56000 ---p 00000000 00:00 0 
7f4bbaa56000-7f4c3aa54000 rw-p 00000000 00:00 0                          [stack:11637]
7f4c3aa54000-7f4c3ab4f000 r-xp 00000000 08:01 266145                     /lib/x86_64-linux-gnu/libm-2.15.so
7f4c3ab4f000-7f4c3ad4e000 ---p 000fb000 08:01 266145                     /lib/x86_64-linux-gnu/libm-2.15.so
7f4c3ad4e000-7f4c3ad4f000 r--p 000fa000 08:01 266145                     /lib/x86_64-linux-gnu/libm-2.15.so
7f4c3ad4f000-7f4c3ad50000 rw-p 000fb000 08:01 266145                     /lib/x86_64-linux-gnu/libm-2.15.so
7f4c3ad50000-7f4c3b8b2000 r-xp 00000000 00:13 5244481                    /home/bor/jdk1.7.0_45/jre/lib/amd64/server/libjvm.so
7f4c3b8b2000-7f4c3bab2000 ---p 00b62000 00:13 5244481                    /home/bor/jdk1.7.0_45/jre/lib/amd64/server/libjvm.so
7f4c3bab2000-7f4c3bb75000 rw-p 00b62000 00:13 5244481                    /home/bor/jdk1.7.0_45/jre/lib/amd64/server/libjvm.so
7f4c3bb75000-7f4c3bbb6000 rw-p 00000000 00:00 0 
7f4c3bbb6000-7f4c3bd6b000 r-xp 00000000 08:01 262166                     /lib/x86_64-linux-gnu/libc-2.15.so
7f4c3bd6b000-7f4c3bf6b000 ---p 001b5000 08:01 262166                     /lib/x86_64-linux-gnu/libc-2.15.so
7f4c3bf6b000-7f4c3bf6f000 r--p 001b5000 08:01 262166                     /lib/x86_64-linux-gnu/libc-2.15.so
7f4c3bf6f000-7f4c3bf71000 rw-p 001b9000 08:01 262166                     /lib/x86_64-linux-gnu/libc-2.15.so
7f4c3bf71000-7f4c3bf76000 rw-p 00000000 00:00 0 
7f4c3bf76000-7f4c3bf78000 r-xp 00000000 08:01 266149                     /lib/x86_64-linux-gnu/libdl-2.15.so
7f4c3bf78000-7f4c3c178000 ---p 00002000 08:01 266149                     /lib/x86_64-linux-gnu/libdl-2.15.so
7f4c3c178000-7f4c3c179000 r--p 00002000 08:01 266149                     /lib/x86_64-linux-gnu/libdl-2.15.so
7f4c3c179000-7f4c3c17a000 rw-p 00003000 08:01 266149                     /lib/x86_64-linux-gnu/libdl-2.15.so
7f4c3c17a000-7f4c3c190000 r-xp 00000000 00:13 5244636                    /home/bor/jdk1.7.0_45/jre/lib/amd64/jli/libjli.so
7f4c3c190000-7f4c3c390000 ---p 00016000 00:13 5244636                    /home/bor/jdk1.7.0_45/jre/lib/amd64/jli/libjli.so
7f4c3c390000-7f4c3c391000 rw-p 00016000 00:13 5244636                    /home/bor/jdk1.7.0_45/jre/lib/amd64/jli/libjli.so
7f4c3c391000-7f4c3c3a9000 r-xp 00000000 08:01 266143                     /lib/x86_64-linux-gnu/libpthread-2.15.so
7f4c3c3a9000-7f4c3c5a8000 ---p 00018000 08:01 266143                     /lib/x86_64-linux-gnu/libpthread-2.15.so
7f4c3c5a8000-7f4c3c5a9000 r--p 00017000 08:01 266143                     /lib/x86_64-linux-gnu/libpthread-2.15.so
7f4c3c5a9000-7f4c3c5aa000 rw-p 00018000 08:01 266143                     /lib/x86_64-linux-gnu/libpthread-2.15.so
7f4c3c5aa000-7f4c3c5ae000 rw-p 00000000 00:00 0 
7f4c3c5ae000-7f4c3c5d0000 r-xp 00000000 08:01 266146                     /lib/x86_64-linux-gnu/ld-2.15.so
7f4c3c5df000-7f4c3c6d5000 rw-p 00000000 00:00 0 
7f4c3c6d5000-7f4c3c6f3000 rw-p 00000000 00:00 0 
7f4c3c6f3000-7f4c3c6fd000 rw-p 00000000 00:00 0 
7f4c3c6fd000-7f4c3c7b3000 rw-p 00000000 00:00 0 
7f4c3c7b3000-7f4c3c7b7000 rw-p 00000000 00:00 0 
7f4c3c7c2000-7f4c3c7ca000 rw-s 00000000 08:01 659716                     /tmp/hsperfdata_bor/11636
7f4c3c7ca000-7f4c3c7cb000 rw-p 00000000 00:00 0 
7f4c3c7cb000-7f4c3c7cc000 r--p 00000000 00:00 0 
7f4c3c7cc000-7f4c3c7ce000 rw-p 00000000 00:00 0 
7f4c3c7ce000-7f4c3c7d0000 r-xp 00000000 00:00 0                          [vdso]
7f4c3c7d0000-7f4c3c7d1000 r--p 00022000 08:01 266146                     /lib/x86_64-linux-gnu/ld-2.15.so
7f4c3c7d1000-7f4c3c7d3000 rw-p 00023000 08:01 266146                     /lib/x86_64-linux-gnu/ld-2.15.so
7fff075df000-7fff07602000 rw-p 00000000 00:00 0                          [stack]
ffffffffff600000-ffffffffff601000 r-xp 00000000 00:00 0                  [vsyscall]

VM Arguments:
jvm_args: -Xmx8192M -Xss2048M 
java_command: com.vaadin.server.widgetsetutils.WidgetSetBuilder pl.mi.mcloud.selfcare.AppWidgetSet
Launcher Type: SUN_STANDARD

Environment Variables:
JAVA_HOME=/home/bor/jdk1.7.0_45
PATH=/usr/lib/lightdm/lightdm:/usr/local/sbin:/usr/local/bin:/usr/sbin:/usr/bin:/sbin:/bin:/usr/games
LD_LIBRARY_PATH=/home/bor/jdk1.7.0_45/jre/lib/amd64:/home/bor/jdk1.7.0_45/jre/lib/i386:
SHELL=/bin/bash
DISPLAY=:0

Signal Handlers:
SIGSEGV: [libjvm.so+0x9935b0], sa_mask[0]=0x7ffbfeff, sa_flags=0x10000004
SIGBUS: [libjvm.so+0x9935b0], sa_mask[0]=0x7ffbfeff, sa_flags=0x10000004
SIGFPE: [libjvm.so+0x810330], sa_mask[0]=0x7ffbfeff, sa_flags=0x10000004
SIGPIPE: [libjvm.so+0x810330], sa_mask[0]=0x7ffbfeff, sa_flags=0x10000004
SIGXFSZ: [libjvm.so+0x810330], sa_mask[0]=0x7ffbfeff, sa_flags=0x10000004
SIGILL: [libjvm.so+0x810330], sa_mask[0]=0x7ffbfeff, sa_flags=0x10000004
SIGUSR1: SIG_DFL, sa_mask[0]=0x00000000, sa_flags=0x00000000
SIGUSR2: [libjvm.so+0x811820], sa_mask[0]=0x00000004, sa_flags=0x10000004
SIGHUP: SIG_DFL, sa_mask[0]=0x00000000, sa_flags=0x00000000
SIGINT: SIG_IGN, sa_mask[0]=0x00000000, sa_flags=0x00000000
SIGTERM: SIG_DFL, sa_mask[0]=0x00000000, sa_flags=0x00000000
SIGQUIT: SIG_DFL, sa_mask[0]=0x00000000, sa_flags=0x00000000


---------------  S Y S T E M  ---------------

OS:wheezy/sid

uname:Linux 3.8.0-35-generic #50~precise1-Ubuntu SMP Wed Dec 4 17:25:51 UTC 2013 x86_64
libc:glibc 2.15 NPTL 2.15 
rlimit: STACK 8192k, CORE 0k, NPROC 126410, NOFILE 4096, AS infinity
load average:1.57 1.90 1.61

/proc/meminfo:
MemTotal:       16206500 kB
MemFree:        10237836 kB
Buffers:          243156 kB
Cached:          3928456 kB
SwapCached:            0 kB
Active:          2675304 kB
Inactive:        2774324 kB
Active(anon):    1283632 kB
Inactive(anon):   422980 kB
Active(file):    1391672 kB
Inactive(file):  2351344 kB
Unevictable:          16 kB
Mlocked:              16 kB
SwapTotal:      16545788 kB
SwapFree:       16545788 kB
Dirty:              1984 kB
Writeback:             0 kB
AnonPages:       1277684 kB
Mapped:           201480 kB
Shmem:            428584 kB
Slab:             348716 kB
SReclaimable:     238500 kB
SUnreclaim:       110216 kB
KernelStack:        4232 kB
PageTables:        31984 kB
NFS_Unstable:          0 kB
Bounce:                0 kB
WritebackTmp:          0 kB
CommitLimit:    24649036 kB
Committed_AS:    7132972 kB
VmallocTotal:   34359738367 kB
VmallocUsed:      376544 kB
VmallocChunk:   34359354508 kB
HardwareCorrupted:     0 kB
AnonHugePages:         0 kB
HugePages_Total:       0
HugePages_Free:        0
HugePages_Rsvd:        0
HugePages_Surp:        0
Hugepagesize:       2048 kB
DirectMap4k:       73344 kB
DirectMap2M:    16478208 kB


CPU:total 8 (4 cores per cpu, 2 threads per core) family 6 model 42 stepping 7, cmov, cx8, fxsr, mmx, sse, sse2, sse3, ssse3, sse4.1, sse4.2, popcnt, avx, aes, ht, tsc, tscinvbit

/proc/cpuinfo:
processor	: 0
vendor_id	: GenuineIntel
cpu family	: 6
model		: 42
model name	: Intel(R) Core(TM) i7-2630QM CPU @ 2.00GHz
stepping	: 7
microcode	: 0x1b
cpu MHz		: 800.000
cache size	: 6144 KB
physical id	: 0
siblings	: 8
core id		: 0
cpu cores	: 4
apicid		: 0
initial apicid	: 0
fpu		: yes
fpu_exception	: yes
cpuid level	: 13
wp		: yes
flags		: fpu vme de pse tsc msr pae mce cx8 apic sep mtrr pge mca cmov pat pse36 clflush dts acpi mmx fxsr sse sse2 ss ht tm pbe syscall nx rdtscp lm constant_tsc arch_perfmon pebs bts nopl xtopology nonstop_tsc aperfmperf eagerfpu pni pclmulqdq dtes64 monitor ds_cpl vmx est tm2 ssse3 cx16 xtpr pdcm pcid sse4_1 sse4_2 x2apic popcnt tsc_deadline_timer aes xsave avx lahf_lm ida arat epb xsaveopt pln pts dtherm tpr_shadow vnmi flexpriority ept vpid
bogomips	: 3986.70
clflush size	: 64
cache_alignment	: 64
address sizes	: 36 bits physical, 48 bits virtual
power management:

processor	: 1
vendor_id	: GenuineIntel
cpu family	: 6
model		: 42
model name	: Intel(R) Core(TM) i7-2630QM CPU @ 2.00GHz
stepping	: 7
microcode	: 0x1b
cpu MHz		: 2001.000
cache size	: 6144 KB
physical id	: 0
siblings	: 8
core id		: 0
cpu cores	: 4
apicid		: 1
initial apicid	: 1
fpu		: yes
fpu_exception	: yes
cpuid level	: 13
wp		: yes
flags		: fpu vme de pse tsc msr pae mce cx8 apic sep mtrr pge mca cmov pat pse36 clflush dts acpi mmx fxsr sse sse2 ss ht tm pbe syscall nx rdtscp lm constant_tsc arch_perfmon pebs bts nopl xtopology nonstop_tsc aperfmperf eagerfpu pni pclmulqdq dtes64 monitor ds_cpl vmx est tm2 ssse3 cx16 xtpr pdcm pcid sse4_1 sse4_2 x2apic popcnt tsc_deadline_timer aes xsave avx lahf_lm ida arat epb xsaveopt pln pts dtherm tpr_shadow vnmi flexpriority ept vpid
bogomips	: 3986.70
clflush size	: 64
cache_alignment	: 64
address sizes	: 36 bits physical, 48 bits virtual
power management:

processor	: 2
vendor_id	: GenuineIntel
cpu family	: 6
model		: 42
model name	: Intel(R) Core(TM) i7-2630QM CPU @ 2.00GHz
stepping	: 7
microcode	: 0x1b
cpu MHz		: 2001.000
cache size	: 6144 KB
physical id	: 0
siblings	: 8
core id		: 1
cpu cores	: 4
apicid		: 2
initial apicid	: 2
fpu		: yes
fpu_exception	: yes
cpuid level	: 13
wp		: yes
flags		: fpu vme de pse tsc msr pae mce cx8 apic sep mtrr pge mca cmov pat pse36 clflush dts acpi mmx fxsr sse sse2 ss ht tm pbe syscall nx rdtscp lm constant_tsc arch_perfmon pebs bts nopl xtopology nonstop_tsc aperfmperf eagerfpu pni pclmulqdq dtes64 monitor ds_cpl vmx est tm2 ssse3 cx16 xtpr pdcm pcid sse4_1 sse4_2 x2apic popcnt tsc_deadline_timer aes xsave avx lahf_lm ida arat epb xsaveopt pln pts dtherm tpr_shadow vnmi flexpriority ept vpid
bogomips	: 3986.70
clflush size	: 64
cache_alignment	: 64
address sizes	: 36 bits physical, 48 bits virtual
power management:

processor	: 3
vendor_id	: GenuineIntel
cpu family	: 6
model		: 42
model name	: Intel(R) Core(TM) i7-2630QM CPU @ 2.00GHz
stepping	: 7
microcode	: 0x1b
cpu MHz		: 800.000
cache size	: 6144 KB
physical id	: 0
siblings	: 8
core id		: 1
cpu cores	: 4
apicid		: 3
initial apicid	: 3
fpu		: yes
fpu_exception	: yes
cpuid level	: 13
wp		: yes
flags		: fpu vme de pse tsc msr pae mce cx8 apic sep mtrr pge mca cmov pat pse36 clflush dts acpi mmx fxsr sse sse2 ss ht tm pbe syscall nx rdtscp lm constant_tsc arch_perfmon pebs bts nopl xtopology nonstop_tsc aperfmperf eagerfpu pni pclmulqdq dtes64 monitor ds_cpl vmx est tm2 ssse3 cx16 xtpr pdcm pcid sse4_1 sse4_2 x2apic popcnt tsc_deadline_timer aes xsave avx lahf_lm ida arat epb xsaveopt pln pts dtherm tpr_shadow vnmi flexpriority ept vpid
bogomips	: 3986.70
clflush size	: 64
cache_alignment	: 64
address sizes	: 36 bits physical, 48 bits virtual
power management:

processor	: 4
vendor_id	: GenuineIntel
cpu family	: 6
model		: 42
model name	: Intel(R) Core(TM) i7-2630QM CPU @ 2.00GHz
stepping	: 7
microcode	: 0x1b
cpu MHz		: 800.000
cache size	: 6144 KB
physical id	: 0
siblings	: 8
core id		: 2
cpu cores	: 4
apicid		: 4
initial apicid	: 4
fpu		: yes
fpu_exception	: yes
cpuid level	: 13
wp		: yes
flags		: fpu vme de pse tsc msr pae mce cx8 apic sep mtrr pge mca cmov pat pse36 clflush dts acpi mmx fxsr sse sse2 ss ht tm pbe syscall nx rdtscp lm constant_tsc arch_perfmon pebs bts nopl xtopology nonstop_tsc aperfmperf eagerfpu pni pclmulqdq dtes64 monitor ds_cpl vmx est tm2 ssse3 cx16 xtpr pdcm pcid sse4_1 sse4_2 x2apic popcnt tsc_deadline_timer aes xsave avx lahf_lm ida arat epb xsaveopt pln pts dtherm tpr_shadow vnmi flexpriority ept vpid
bogomips	: 3986.70
clflush size	: 64
cache_alignment	: 64
address sizes	: 36 bits physical, 48 bits virtual
power management:

processor	: 5
vendor_id	: GenuineIntel
cpu family	: 6
model		: 42
model name	: Intel(R) Core(TM) i7-2630QM CPU @ 2.00GHz
stepping	: 7
microcode	: 0x1b
cpu MHz		: 2001.000
cache size	: 6144 KB
physical id	: 0
siblings	: 8
core id		: 2
cpu cores	: 4
apicid		: 5
initial apicid	: 5
fpu		: yes
fpu_exception	: yes
cpuid level	: 13
wp		: yes
flags		: fpu vme de pse tsc msr pae mce cx8 apic sep mtrr pge mca cmov pat pse36 clflush dts acpi mmx fxsr sse sse2 ss ht tm pbe syscall nx rdtscp lm constant_tsc arch_perfmon pebs bts nopl xtopology nonstop_tsc aperfmperf eagerfpu pni pclmulqdq dtes64 monitor ds_cpl vmx est tm2 ssse3 cx16 xtpr pdcm pcid sse4_1 sse4_2 x2apic popcnt tsc_deadline_timer aes xsave avx lahf_lm ida arat epb xsaveopt pln pts dtherm tpr_shadow vnmi flexpriority ept vpid
bogomips	: 3986.70
clflush size	: 64
cache_alignment	: 64
address sizes	: 36 bits physical, 48 bits virtual
power management:

processor	: 6
vendor_id	: GenuineIntel
cpu family	: 6
model		: 42
model name	: Intel(R) Core(TM) i7-2630QM CPU @ 2.00GHz
stepping	: 7
microcode	: 0x1b
cpu MHz		: 2001.000
cache size	: 6144 KB
physical id	: 0
siblings	: 8
core id		: 3
cpu cores	: 4
apicid		: 6
initial apicid	: 6
fpu		: yes
fpu_exception	: yes
cpuid level	: 13
wp		: yes
flags		: fpu vme de pse tsc msr pae mce cx8 apic sep mtrr pge mca cmov pat pse36 clflush dts acpi mmx fxsr sse sse2 ss ht tm pbe syscall nx rdtscp lm constant_tsc arch_perfmon pebs bts nopl xtopology nonstop_tsc aperfmperf eagerfpu pni pclmulqdq dtes64 monitor ds_cpl vmx est tm2 ssse3 cx16 xtpr pdcm pcid sse4_1 sse4_2 x2apic popcnt tsc_deadline_timer aes xsave avx lahf_lm ida arat epb xsaveopt pln pts dtherm tpr_shadow vnmi flexpriority ept vpid
bogomips	: 3986.70
clflush size	: 64
cache_alignment	: 64
address sizes	: 36 bits physical, 48 bits virtual
power management:

processor	: 7
vendor_id	: GenuineIntel
cpu family	: 6
model		: 42
model name	: Intel(R) Core(TM) i7-2630QM CPU @ 2.00GHz
stepping	: 7
microcode	: 0x1b
cpu MHz		: 800.000
cache size	: 6144 KB
physical id	: 0
siblings	: 8
core id		: 3
cpu cores	: 4
apicid		: 7
initial apicid	: 7
fpu		: yes
fpu_exception	: yes
cpuid level	: 13
wp		: yes
flags		: fpu vme de pse tsc msr pae mce cx8 apic sep mtrr pge mca cmov pat pse36 clflush dts acpi mmx fxsr sse sse2 ss ht tm pbe syscall nx rdtscp lm constant_tsc arch_perfmon pebs bts nopl xtopology nonstop_tsc aperfmperf eagerfpu pni pclmulqdq dtes64 monitor ds_cpl vmx est tm2 ssse3 cx16 xtpr pdcm pcid sse4_1 sse4_2 x2apic popcnt tsc_deadline_timer aes xsave avx lahf_lm ida arat epb xsaveopt pln pts dtherm tpr_shadow vnmi flexpriority ept vpid
bogomips	: 3986.70
clflush size	: 64
cache_alignment	: 64
address sizes	: 36 bits physical, 48 bits virtual
power management:



Memory: 4k page, physical 16206500k(10237836k free), swap 16545788k(16545788k free)

vm_info: Java HotSpot(TM) 64-Bit Server VM (24.45-b08) for linux-amd64 JRE (1.7.0_45-b18), built on Oct  8 2013 05:44:25 by "java_re" with gcc 4.3.0 20080428 (Red Hat 4.3.0-8)

time: Mon Jan 27 14:49:25 2014
elapsed time: 0 seconds

